# JRE version: Java(TM) SE Runtime Environment (8.0_05-b13) (build 1.8.0_05-b13)
# Java VM: Java HotSpot(TM) 64-Bit Server VM (25.5-b02 mixed mode windows-amd64 compressed oops)
Heap:
 PSYoungGen      total 12800K, used 12661K [0x00000000d5f00000, 0x00000000d7080000, 0x0000000100000000)
  eden space 10240K, 99% used [0x00000000d5f00000,0x00000000d68f1848,0x00000000d6900000)
  from space 2560K, 96% used [0x00000000d6b80000,0x00000000d6debd68,0x00000000d6e00000)
  to   space 2560K, 0% used [0x00000000d6e00000,0x00000000d6e00000,0x00000000d7080000)
 ParOldGen       total 265216K, used 240936K [0x0000000081c00000, 0x0000000091f00000, 0x00000000d5f00000)
  object space 265216K, 90% used [0x0000000081c00000,0x000000009074a1b0,0x0000000091f00000)
 Metaspace       used 14638K, capacity 14916K, committed 15104K, reserved 1062912K
  class space    used 1669K, capacity 1756K, committed 1792K, reserved 1048576K
GC Heap History (10 events):
Event: 25.588 GC heap after
Heap after GC invocations=13 (full 0):
 PSYoungGen      total 12288K, used 1688K [0x00000000d5f00000, 0x00000000d7300000, 0x0000000100000000)
  eden space 10240K, 0% used [0x00000000d5f00000,0x00000000d5f00000,0x00000000d6900000)
  from space 2048K, 82% used [0x00000000d6900000,0x00000000d6aa6390,0x00000000d6b00000)
  to   space 2048K, 0% used [0x00000000d7100000,0x00000000d7100000,0x00000000d7300000)
 ParOldGen       total 129536K, used 8604K [0x0000000081c00000, 0x0000000089a80000, 0x00000000d5f00000)
  object space 129536K, 6% used [0x0000000081c00000,0x0000000082467180,0x0000000089a80000)
 Metaspace       used 14369K, capacity 14596K, committed 14848K, reserved 1062912K
  class space    used 1667K, capacity 1756K, committed 1792K, reserved 1048576K
}
Event: 47.905 GC heap before
{Heap before GC invocations=14 (full 0):
 PSYoungGen      total 12288K, used 11928K [0x00000000d5f00000, 0x00000000d7300000, 0x0000000100000000)
  eden space 10240K, 99% used [0x00000000d5f00000,0x00000000d68ffda8,0x00000000d6900000)
  from space 2048K, 82% used [0x00000000d6900000,0x00000000d6aa6390,0x00000000d6b00000)
  to   space 2048K, 0% used [0x00000000d7100000,0x00000000d7100000,0x00000000d7300000)
 ParOldGen       total 129536K, used 8604K [0x0000000081c00000, 0x0000000089a80000, 0x00000000d5f00000)
  object space 129536K, 6% used [0x0000000081c00000,0x0000000082467180,0x0000000089a80000)
 Metaspace       used 14469K, capacity 14724K, committed 14848K, reserved 1062912K
  class space    used 1667K, capacity 1756K, committed 1792K, reserved 1048576K
Event: 47.912 GC heap after
Heap after GC invocations=14 (full 0):
 PSYoungGen      total 12288K, used 1704K [0x00000000d5f00000, 0x00000000d7300000, 0x0000000100000000)
  eden space 10240K, 0% used [0x00000000d5f00000,0x00000000d5f00000,0x00000000d6900000)
  from space 2048K, 83% used [0x00000000d7100000,0x00000000d72aa380,0x00000000d7300000)
  to   space 2560K, 0% used [0x00000000d6e00000,0x00000000d6e00000,0x00000000d7080000)
 ParOldGen       total 129536K, used 9490K [0x0000000081c00000, 0x0000000089a80000, 0x00000000d5f00000)
  object space 129536K, 7% used [0x0000000081c00000,0x0000000082544af0,0x0000000089a80000)
 Metaspace       used 14469K, capacity 14724K, committed 14848K, reserved 1062912K
  class space    used 1667K, capacity 1756K, committed 1792K, reserved 1048576K
}
Event: 73.496 GC heap before
{Heap before GC invocations=15 (full 0):
 PSYoungGen      total 12288K, used 11944K [0x00000000d5f00000, 0x00000000d7300000, 0x0000000100000000)
  eden space 10240K, 100% used [0x00000000d5f00000,0x00000000d6900000,0x00000000d6900000)
  from space 2048K, 83% used [0x00000000d7100000,0x00000000d72aa380,0x00000000d7300000)
  to   space 2560K, 0% used [0x00000000d6e00000,0x00000000d6e00000,0x00000000d7080000)
 ParOldGen       total 129536K, used 9490K [0x0000000081c00000, 0x0000000089a80000, 0x00000000d5f00000)
  object space 129536K, 7% used [0x0000000081c00000,0x0000000082544af0,0x0000000089a80000)
 Metaspace       used 14529K, capacity 14724K, committed 14848K, reserved 1062912K
  class space    used 1667K, capacity 1756K, committed 1792K, reserved 1048576K
Event: 73.502 GC heap after
Heap after GC invocations=15 (full 0):
 PSYoungGen      total 12288K, used 1785K [0x00000000d5f00000, 0x00000000d7180000, 0x0000000100000000)
  eden space 10240K, 0% used [0x00000000d5f00000,0x00000000d5f00000,0x00000000d6900000)
  from space 2048K, 87% used [0x00000000d6e00000,0x00000000d6fbe5d0,0x00000000d7000000)
  to   space 1536K, 0% used [0x00000000d7000000,0x00000000d7000000,0x00000000d7180000)
 ParOldGen       total 129536K, used 10126K [0x0000000081c00000, 0x0000000089a80000, 0x00000000d5f00000)
  object space 129536K, 7% used [0x0000000081c00000,0x00000000825e3af0,0x0000000089a80000)
 Metaspace       used 14529K, capacity 14724K, committed 14848K, reserved 1062912K
  class space    used 1667K, capacity 1756K, committed 1792K, reserved 1048576K
}
Event: 94.803 GC heap before
{Heap before GC invocations=16 (full 0):
 PSYoungGen      total 12288K, used 12025K [0x00000000d5f00000, 0x00000000d7180000, 0x0000000100000000)
  eden space 10240K, 100% used [0x00000000d5f00000,0x00000000d6900000,0x00000000d6900000)
  from space 2048K, 87% used [0x00000000d6e00000,0x00000000d6fbe5d0,0x00000000d7000000)
  to   space 1536K, 0% used [0x00000000d7000000,0x00000000d7000000,0x00000000d7180000)
 ParOldGen       total 129536K, used 10126K [0x0000000081c00000, 0x0000000089a80000, 0x00000000d5f00000)
  object space 129536K, 7% used [0x0000000081c00000,0x00000000825e3af0,0x0000000089a80000)
 Metaspace       used 14610K, capacity 14916K, committed 15104K, reserved 1062912K
  class space    used 1668K, capacity 1756K, committed 1792K, reserved 1048576K
Event: 94.809 GC heap after
Heap after GC invocations=16 (full 0):
 PSYoungGen      total 11776K, used 1512K [0x00000000d5f00000, 0x00000000d7180000, 0x0000000100000000)
  eden space 10240K, 0% used [0x00000000d5f00000,0x00000000d5f00000,0x00000000d6900000)
  from space 1536K, 98% used [0x00000000d7000000,0x00000000d717a160,0x00000000d7180000)
  to   space 3072K, 0% used [0x00000000d6b80000,0x00000000d6b80000,0x00000000d6e80000)
 ParOldGen       total 129536K, used 11098K [0x0000000081c00000, 0x0000000089a80000, 0x00000000d5f00000)
  object space 129536K, 8% used [0x0000000081c00000,0x00000000826d6b40,0x0000000089a80000)
 Metaspace       used 14610K, capacity 14916K, committed 15104K, reserved 1062912K
  class space    used 1668K, capacity 1756K, committed 1792K, reserved 1048576K
}
Event: 95.385 GC heap before
{Heap before GC invocations=17 (full 0):
 PSYoungGen      total 11776K, used 9315K [0x00000000d5f00000, 0x00000000d7180000, 0x0000000100000000)
  eden space 10240K, 76% used [0x00000000d5f00000,0x00000000d669ebc8,0x00000000d6900000)
  from space 1536K, 98% used [0x00000000d7000000,0x00000000d717a160,0x00000000d7180000)
  to   space 3072K, 0% used [0x00000000d6b80000,0x00000000d6b80000,0x00000000d6e80000)
 ParOldGen       total 129536K, used 11098K [0x0000000081c00000, 0x0000000089a80000, 0x00000000d5f00000)
  object space 129536K, 8% used [0x0000000081c00000,0x00000000826d6b40,0x0000000089a80000)
 Metaspace       used 14631K, capacity 14916K, committed 15104K, reserved 1062912K
  class space    used 1669K, capacity 1756K, committed 1792K, reserved 1048576K
Event: 95.399 GC heap after
Heap after GC invocations=17 (full 0):
 PSYoungGen      total 12800K, used 2479K [0x00000000d5f00000, 0x00000000d7080000, 0x0000000100000000)
  eden space 10240K, 0% used [0x00000000d5f00000,0x00000000d5f00000,0x00000000d6900000)
  from space 2560K, 96% used [0x00000000d6b80000,0x00000000d6debd68,0x00000000d6e00000)
  to   space 2560K, 0% used [0x00000000d6e00000,0x00000000d6e00000,0x00000000d7080000)
 ParOldGen       total 129536K, used 11808K [0x0000000081c00000, 0x0000000089a80000, 0x00000000d5f00000)
  object space 129536K, 9% used [0x0000000081c00000,0x0000000082788200,0x0000000089a80000)
 Metaspace       used 14631K, capacity 14916K, committed 15104K, reserved 1062912K
  class space    used 1669K, capacity 1756K, committed 1792K, reserved 1048576K
}
Event: 97.524 GC heap before
{Heap before GC invocations=18 (full 0):
 PSYoungGen      total 12800K, used 12661K [0x00000000d5f00000, 0x00000000d7080000, 0x0000000100000000)
  eden space 10240K, 99% used [0x00000000d5f00000,0x00000000d68f1848,0x00000000d6900000)
  from space 2560K, 96% used [0x00000000d6b80000,0x00000000d6debd68,0x00000000d6e00000)
  to   space 2560K, 0% used [0x00000000d6e00000,0x00000000d6e00000,0x00000000d7080000)
 ParOldGen       total 265216K, used 240936K [0x0000000081c00000, 0x0000000091f00000, 0x00000000d5f00000)
  object space 265216K, 90% used [0x0000000081c00000,0x000000009074a1b0,0x0000000091f00000)
 Metaspace       used 14638K, capacity 14916K, committed 15104K, reserved 1062912K
  class space    used 1669K, capacity 1756K, committed 1792K, reserved 1048576K

